Using pre-set license
Built from '2021.3/staging' branch; Version is '2021.3.5f1 (40eb3a945986) revision 4254522'; Using compiler version '192829333'; Build Type 'Release'
OS: 'Windows 11  (10.0.22000) 64bit CoreSingleLanguage' Language: 'en' Physical Memory: 23933 MB
BatchMode: 1, IsHumanControllingUs: 0, StartBugReporterOnCrash: 0, Is64bit: 1, IsPro: 1

COMMAND LINE ARGUMENTS:
D:\Install Apps\Unity Editor\2021.3.5f1\Editor\Unity.exe
-adb2
-batchMode
-noUpm
-name
AssetImportWorker0
-projectPath
D:/Kuliah/Semester 6/Pengembangan Game/EAS/EAS-1461900222-RIZVAN DIMAS SAPUTRA A
-logFile
Logs/AssetImportWorker0.log
-srvPort
57425
Successfully changed project path to: D:/Kuliah/Semester 6/Pengembangan Game/EAS/EAS-1461900222-RIZVAN DIMAS SAPUTRA A
D:/Kuliah/Semester 6/Pengembangan Game/EAS/EAS-1461900222-RIZVAN DIMAS SAPUTRA A
[UnityMemory] Configuration Parameters - Can be set up in boot.config
    "memorysetup-bucket-allocator-granularity=16"
    "memorysetup-bucket-allocator-bucket-count=8"
    "memorysetup-bucket-allocator-block-size=33554432"
    "memorysetup-bucket-allocator-block-count=8"
    "memorysetup-main-allocator-block-size=16777216"
    "memorysetup-thread-allocator-block-size=16777216"
    "memorysetup-gfx-main-allocator-block-size=16777216"
    "memorysetup-gfx-thread-allocator-block-size=16777216"
    "memorysetup-cache-allocator-block-size=4194304"
    "memorysetup-typetree-allocator-block-size=2097152"
    "memorysetup-profiler-bucket-allocator-granularity=16"
    "memorysetup-profiler-bucket-allocator-bucket-count=8"
    "memorysetup-profiler-bucket-allocator-block-size=33554432"
    "memorysetup-profiler-bucket-allocator-block-count=8"
    "memorysetup-profiler-allocator-block-size=16777216"
    "memorysetup-profiler-editor-allocator-block-size=1048576"
    "memorysetup-temp-allocator-size-main=16777216"
    "memorysetup-job-temp-allocator-block-size=2097152"
    "memorysetup-job-temp-allocator-block-size-background=1048576"
    "memorysetup-job-temp-allocator-reduction-small-platforms=262144"
    "memorysetup-temp-allocator-size-background-worker=32768"
    "memorysetup-temp-allocator-size-job-worker=262144"
    "memorysetup-temp-allocator-size-preload-manager=33554432"
    "memorysetup-temp-allocator-size-nav-mesh-worker=65536"
    "memorysetup-temp-allocator-size-audio-worker=65536"
    "memorysetup-temp-allocator-size-cloud-worker=32768"
    "memorysetup-temp-allocator-size-gi-baking-worker=262144"
    "memorysetup-temp-allocator-size-gfx=262144"
Refreshing native plugins compatible for Editor in 209.20 ms, found 4 plugins.
Preloading 0 native plugins for Editor in 0.00 ms.
Initialize engine version: 2021.3.5f1 (40eb3a945986)
[Subsystems] Discovering subsystems at path D:/Install Apps/Unity Editor/2021.3.5f1/Editor/Data/Resources/UnitySubsystems
[Subsystems] Discovering subsystems at path D:/Kuliah/Semester 6/Pengembangan Game/EAS/EAS-1461900222-RIZVAN DIMAS SAPUTRA A/Assets
GfxDevice: creating device client; threaded=0; jobified=0
Direct3D:
    Version:  Direct3D 11.0 [level 11.1]
    Renderer: NVIDIA GeForce GTX 1650 Ti (ID=0x1f95)
    Vendor:   NVIDIA
    VRAM:     3962 MB
    Driver:   27.21.14.5749
Initialize mono
Mono path[0] = 'D:/Install Apps/Unity Editor/2021.3.5f1/Editor/Data/Managed'
Mono path[1] = 'D:/Install Apps/Unity Editor/2021.3.5f1/Editor/Data/MonoBleedingEdge/lib/mono/unityjit-win32'
Mono config path = 'D:/Install Apps/Unity Editor/2021.3.5f1/Editor/Data/MonoBleedingEdge/etc'
Using monoOptions --debugger-agent=transport=dt_socket,embedding=1,server=y,suspend=n,address=127.0.0.1:56032
Begin MonoManager ReloadAssembly
Registering precompiled unity dll's ...
Register platform support module: D:/Install Apps/Unity Editor/2021.3.5f1/Editor/Data/PlaybackEngines/WindowsStandaloneSupport/UnityEditor.WindowsStandalone.Extensions.dll
Registered in 0.002767 seconds.
Native extension for WindowsStandalone target not found
Refreshing native plugins compatible for Editor in 207.66 ms, found 4 plugins.
Preloading 0 native plugins for Editor in 0.00 ms.
Mono: successfully reloaded assembly
- Completed reload, in  1.078 seconds
Domain Reload Profiling:
	ReloadAssembly (1079ms)
		BeginReloadAssembly (111ms)
			ExecutionOrderSort (0ms)
			DisableScriptedObjects (0ms)
			BackupInstance (0ms)
			ReleaseScriptingObjects (0ms)
			CreateAndSetChildDomain (1ms)
		EndReloadAssembly (805ms)
			LoadAssemblies (109ms)
			RebuildTransferFunctionScriptingTraits (0ms)
			SetupTypeCache (175ms)
			ReleaseScriptCaches (0ms)
			RebuildScriptCaches (45ms)
			SetupLoadedEditorAssemblies (512ms)
				LogAssemblyErrors (0ms)
				InitializePlatformSupportModulesInManaged (10ms)
				SetLoadedEditorAssemblies (0ms)
				RefreshPlugins (208ms)
				BeforeProcessingInitializeOnLoad (2ms)
				ProcessInitializeOnLoadAttributes (206ms)
				ProcessInitializeOnLoadMethodAttributes (85ms)
				AfterProcessingInitializeOnLoad (0ms)
				EditorAssembliesLoaded (0ms)
			ExecutionOrderSort2 (0ms)
			AwakeInstancesAfterBackupRestoration (0ms)
Platform modules already initialized, skipping
Registering precompiled user dll's ...
Registered in 0.008693 seconds.
Begin MonoManager ReloadAssembly
Symbol file LoadedFromMemory doesn't match image D:\Kuliah\Semester 6\Pengembangan Game\EAS\EAS-1461900222-RIZVAN DIMAS SAPUTRA A\Library\PackageCache\com.unity.visualscripting@1.7.8\Editor\VisualScripting.Core\Dependencies\YamlDotNet\Unity.VisualScripting.YamlDotNet.dll
Symbol file LoadedFromMemory doesn't match image D:\Kuliah\Semester 6\Pengembangan Game\EAS\EAS-1461900222-RIZVAN DIMAS SAPUTRA A\Library\PackageCache\com.unity.visualscripting@1.7.8\Editor\VisualScripting.Core\Dependencies\DotNetZip\Unity.VisualScripting.IonicZip.dll
Native extension for WindowsStandalone target not found
Refreshing native plugins compatible for Editor in 204.09 ms, found 4 plugins.
Preloading 0 native plugins for Editor in 0.00 ms.
Mono: successfully reloaded assembly
- Completed reload, in  2.067 seconds
Domain Reload Profiling:
	ReloadAssembly (2068ms)
		BeginReloadAssembly (176ms)
			ExecutionOrderSort (0ms)
			DisableScriptedObjects (10ms)
			BackupInstance (0ms)
			ReleaseScriptingObjects (0ms)
			CreateAndSetChildDomain (29ms)
		EndReloadAssembly (1680ms)
			LoadAssemblies (140ms)
			RebuildTransferFunctionScriptingTraits (0ms)
			SetupTypeCache (457ms)
			ReleaseScriptCaches (1ms)
			RebuildScriptCaches (106ms)
			SetupLoadedEditorAssemblies (921ms)
				LogAssemblyErrors (0ms)
				InitializePlatformSupportModulesInManaged (5ms)
				SetLoadedEditorAssemblies (0ms)
				RefreshPlugins (204ms)
				BeforeProcessingInitializeOnLoad (208ms)
				ProcessInitializeOnLoadAttributes (431ms)
				ProcessInitializeOnLoadMethodAttributes (67ms)
				AfterProcessingInitializeOnLoad (5ms)
				EditorAssembliesLoaded (0ms)
			ExecutionOrderSort2 (0ms)
			AwakeInstancesAfterBackupRestoration (9ms)
Platform modules already initialized, skipping
========================================================================
Worker process is ready to serve import requests
Launched and connected shader compiler UnityShaderCompiler.exe after 0.10 seconds
Refreshing native plugins compatible for Editor in 2.18 ms, found 4 plugins.
Preloading 0 native plugins for Editor in 0.00 ms.
Unloading 4524 Unused Serialized files (Serialized files now loaded: 0)
Unloading 56 unused Assets / (181.9 KB). Loaded Objects now: 4977.
Memory consumption went from 171.9 MB to 171.7 MB.
Total: 7.588300 ms (FindLiveObjects: 0.695300 ms CreateObjectMapping: 0.375100 ms MarkObjects: 6.259600 ms  DeleteObjects: 0.256000 ms)

AssetImportParameters requested are different than current active one (requested -> active):
  custom:video-decoder-ogg-theora: a1e56fd34408186e4bbccfd4996cb3dc -> 
  custom:container-muxer-webm: aa71ff27fc2769a1b78a27578f13a17b -> 
  custom:container-demuxer-webm: 4f35f7cbe854078d1ac9338744f61a02 -> 
  custom:video-encoder-webm-vp8: eb34c28f22e8b96e1ab97ce403110664 -> 
  custom:video-codec-MediaFoundation-h265: 746d11721c4dcdbdad8f713fa42b33f4 -> 
  custom:audio-encoder-webm-vorbis: bf7c407c2cedff20999df2af8eb42d56 -> 
  custom:framework-win-MediaFoundation: 216162199b28c13a410421893ffa2e32 -> 
  custom:container-demuxer-ogg: 62fdf1f143b41e24485cea50d1cbac27 -> 
  custom:video-decoder-webm-vp8: 9c59270c3fd7afecdb556c50c9e8de78 -> 
  custom:audio-decoder-ogg-vorbis: bf7c407c2cedff20999df2af8eb42d56 -> 
========================================================================
Received Import Request.
  Time since last request: 368399.132449 seconds.
  path: Assets/Cloud/CloudPalette.prefab
  artifactKey: Guid(d9922a1a3f0bc3b46a8584f801a5db23) Importer(815301076,1909f56bfc062723c751e8b465ee728b)
Start importing Assets/Cloud/CloudPalette.prefab using Guid(d9922a1a3f0bc3b46a8584f801a5db23) Importer(815301076,1909f56bfc062723c751e8b465ee728b)  -> (artifact id: '3e66e50380bf1b3bae221391491718f0') in 0.166940 seconds 
========================================================================
Received Import Request.
  Time since last request: 4447.410533 seconds.
  path: Assets/Script/PlayerMovement.cs
  artifactKey: Guid(af10e38db25ffb943a434024b350a44b) Importer(815301076,1909f56bfc062723c751e8b465ee728b)
Start importing Assets/Script/PlayerMovement.cs using Guid(af10e38db25ffb943a434024b350a44b) Importer(815301076,1909f56bfc062723c751e8b465ee728b)  -> (artifact id: 'f46510647b3bfee4f9fd40ca1a43a937') in 0.015634 seconds 
========================================================================
Received Prepare
Registering precompiled user dll's ...
Registered in 0.011393 seconds.
Begin MonoManager ReloadAssembly
Symbol file LoadedFromMemory doesn't match image D:\Kuliah\Semester 6\Pengembangan Game\EAS\EAS-1461900222-RIZVAN DIMAS SAPUTRA A\Library\PackageCache\com.unity.visualscripting@1.7.8\Editor\VisualScripting.Core\Dependencies\YamlDotNet\Unity.VisualScripting.YamlDotNet.dll
Symbol file LoadedFromMemory doesn't match image D:\Kuliah\Semester 6\Pengembangan Game\EAS\EAS-1461900222-RIZVAN DIMAS SAPUTRA A\Library\PackageCache\com.unity.visualscripting@1.7.8\Editor\VisualScripting.Core\Dependencies\DotNetZip\Unity.VisualScripting.IonicZip.dll
Native extension for WindowsStandalone target not found
Refreshing native plugins compatible for Editor in 1.30 ms, found 4 plugins.
Preloading 0 native plugins for Editor in 0.00 ms.
Mono: successfully reloaded assembly
- Completed reload, in  1.557 seconds
Domain Reload Profiling:
	ReloadAssembly (1558ms)
		BeginReloadAssembly (199ms)
			ExecutionOrderSort (0ms)
			DisableScriptedObjects (9ms)
			BackupInstance (0ms)
			ReleaseScriptingObjects (0ms)
			CreateAndSetChildDomain (65ms)
		EndReloadAssembly (1221ms)
			LoadAssemblies (118ms)
			RebuildTransferFunctionScriptingTraits (0ms)
			SetupTypeCache (462ms)
			ReleaseScriptCaches (3ms)
			RebuildScriptCaches (74ms)
			SetupLoadedEditorAssemblies (500ms)
				LogAssemblyErrors (0ms)
				InitializePlatformSupportModulesInManaged (17ms)
				SetLoadedEditorAssemblies (1ms)
				RefreshPlugins (1ms)
				BeforeProcessingInitializeOnLoad (105ms)
				ProcessInitializeOnLoadAttributes (324ms)
				ProcessInitializeOnLoadMethodAttributes (49ms)
				AfterProcessingInitializeOnLoad (3ms)
				EditorAssembliesLoaded (0ms)
			ExecutionOrderSort2 (0ms)
			AwakeInstancesAfterBackupRestoration (9ms)
Platform modules already initialized, skipping
Refreshing native plugins compatible for Editor in 2.55 ms, found 4 plugins.
Preloading 0 native plugins for Editor in 0.00 ms.
Unloading 4463 Unused Serialized files (Serialized files now loaded: 0)
Unloading 65 unused Assets / (149.1 KB). Loaded Objects now: 4964.
Memory consumption went from 173.0 MB to 172.9 MB.
Total: 3.503400 ms (FindLiveObjects: 0.340800 ms CreateObjectMapping: 0.111900 ms MarkObjects: 2.908000 ms  DeleteObjects: 0.141200 ms)

AssetImportParameters requested are different than current active one (requested -> active):
  custom:video-decoder-ogg-theora: a1e56fd34408186e4bbccfd4996cb3dc -> 
  custom:container-muxer-webm: aa71ff27fc2769a1b78a27578f13a17b -> 
  custom:container-demuxer-webm: 4f35f7cbe854078d1ac9338744f61a02 -> 
  custom:video-encoder-webm-vp8: eb34c28f22e8b96e1ab97ce403110664 -> 
  custom:video-codec-MediaFoundation-h265: 746d11721c4dcdbdad8f713fa42b33f4 -> 
  custom:audio-encoder-webm-vorbis: bf7c407c2cedff20999df2af8eb42d56 -> 
  custom:framework-win-MediaFoundation: 216162199b28c13a410421893ffa2e32 -> 
  custom:container-demuxer-ogg: 62fdf1f143b41e24485cea50d1cbac27 -> 
  custom:video-decoder-webm-vp8: 9c59270c3fd7afecdb556c50c9e8de78 -> 
  custom:audio-decoder-ogg-vorbis: bf7c407c2cedff20999df2af8eb42d56 -> 
========================================================================
Received Import Request.
  Time since last request: 111.090616 seconds.
  path: Assets/Tanah/Asset 40.asset
  artifactKey: Guid(417f79ac334e1364bbbdb901ab759afb) Importer(815301076,1909f56bfc062723c751e8b465ee728b)
Start importing Assets/Tanah/Asset 40.asset using Guid(417f79ac334e1364bbbdb901ab759afb) Importer(815301076,1909f56bfc062723c751e8b465ee728b)  -> (artifact id: 'a2feda03c2ad3361790056823bc547f2') in 0.152280 seconds 
========================================================================
Received Import Request.
  Time since last request: 0.000068 seconds.
  path: Assets/Tanah/GrassJoinHillLeft2_Down Shadow.asset
  artifactKey: Guid(2dac4ef09167cf6458ccd6d15eeb71ad) Importer(815301076,1909f56bfc062723c751e8b465ee728b)
Start importing Assets/Tanah/GrassJoinHillLeft2_Down Shadow.asset using Guid(2dac4ef09167cf6458ccd6d15eeb71ad) Importer(815301076,1909f56bfc062723c751e8b465ee728b)  -> (artifact id: 'a3c1f816e4322d1fe3d3a88175917b7f') in 0.028559 seconds 
========================================================================
Received Import Request.
  Time since last request: 0.000073 seconds.
  path: Assets/Tanah/GrassJoinHillRight2.asset
  artifactKey: Guid(d62f9fb48be63e24f98b07926a43f597) Importer(815301076,1909f56bfc062723c751e8b465ee728b)
Start importing Assets/Tanah/GrassJoinHillRight2.asset using Guid(d62f9fb48be63e24f98b07926a43f597) Importer(815301076,1909f56bfc062723c751e8b465ee728b)  -> (artifact id: '959885db50a0d4f3d7769607b938c234') in 0.037399 seconds 
========================================================================
Received Import Request.
  Time since last request: 0.000059 seconds.
  path: Assets/Tanah/DirtRight.asset
  artifactKey: Guid(a3a9dc43b83c94d49bf19ee0c3e9be9c) Importer(815301076,1909f56bfc062723c751e8b465ee728b)
Start importing Assets/Tanah/DirtRight.asset using Guid(a3a9dc43b83c94d49bf19ee0c3e9be9c) Importer(815301076,1909f56bfc062723c751e8b465ee728b)  -> (artifact id: '8c1198ceb202af272b8026a348994035') in 0.040168 seconds 
========================================================================
Received Import Request.
  Time since last request: 0.000123 seconds.
  path: Assets/Tanah/GrassMid.asset
  artifactKey: Guid(f0a5aa1d5dad23948992c4f303cfc118) Importer(815301076,1909f56bfc062723c751e8b465ee728b)
Start importing Assets/Tanah/GrassMid.asset using Guid(f0a5aa1d5dad23948992c4f303cfc118) Importer(815301076,1909f56bfc062723c751e8b465ee728b)  -> (artifact id: '8209289e6f0b636239def5b67044ed11') in 0.044305 seconds 
========================================================================
Received Import Request.
  Time since last request: 0.000053 seconds.
  path: Assets/Tanah/GrassRight.asset
  artifactKey: Guid(3fcc7548a4325b84f98df466e4ee3572) Importer(815301076,1909f56bfc062723c751e8b465ee728b)
Start importing Assets/Tanah/GrassRight.asset using Guid(3fcc7548a4325b84f98df466e4ee3572) Importer(815301076,1909f56bfc062723c751e8b465ee728b)  -> (artifact id: '959a4476e8d5932452baa46a5714009f') in 0.038225 seconds 
========================================================================
Received Import Request.
  Time since last request: 0.000082 seconds.
  path: Assets/Tanah/GrassJoinHillRight2&Left2_Down Shadow.asset
  artifactKey: Guid(582516494ff83ce4b8f2c506747abe9c) Importer(815301076,1909f56bfc062723c751e8b465ee728b)
Start importing Assets/Tanah/GrassJoinHillRight2&Left2_Down Shadow.asset using Guid(582516494ff83ce4b8f2c506747abe9c) Importer(815301076,1909f56bfc062723c751e8b465ee728b)  -> (artifact id: 'dd628ccbfb1954c72e81a02adebf9959') in 0.033445 seconds 
========================================================================
Received Import Request.
  Time since last request: 0.000071 seconds.
  path: Assets/Tanah/Grass.asset
  artifactKey: Guid(5d2a63c54b1b31f48bc28498fb862bfc) Importer(815301076,1909f56bfc062723c751e8b465ee728b)
Start importing Assets/Tanah/Grass.asset using Guid(5d2a63c54b1b31f48bc28498fb862bfc) Importer(815301076,1909f56bfc062723c751e8b465ee728b)  -> (artifact id: 'b592079e643b3da75701723697826001') in 0.032388 seconds 
========================================================================
Received Import Request.
  Time since last request: 0.000048 seconds.
  path: Assets/Tanah/TanahPalette.prefab
  artifactKey: Guid(ea485384fbd940c4d96d5eee29274008) Importer(815301076,1909f56bfc062723c751e8b465ee728b)
Start importing Assets/Tanah/TanahPalette.prefab using Guid(ea485384fbd940c4d96d5eee29274008) Importer(815301076,1909f56bfc062723c751e8b465ee728b)  -> (artifact id: '46cd6a6e0273ad5ef09a1fa9aa9e3bde') in 0.242123 seconds 
========================================================================
Received Import Request.
  Time since last request: 0.000039 seconds.
  path: Assets/Tanah/GrassSample_2.asset
  artifactKey: Guid(fa62f4e994f795341abbadb3e4ffbfee) Importer(815301076,1909f56bfc062723c751e8b465ee728b)
Start importing Assets/Tanah/GrassSample_2.asset using Guid(fa62f4e994f795341abbadb3e4ffbfee) Importer(815301076,1909f56bfc062723c751e8b465ee728b)  -> (artifact id: 'f7b227310dcf2d7011c05bcaf1c5a162') in 0.018621 seconds 
========================================================================
Received Import Request.
  Time since last request: 0.000041 seconds.
  path: Assets/Tanah/GrassJoinHillRight2&Left2.asset
  artifactKey: Guid(92ab8a02a2e083845a32de25bd0f02bf) Importer(815301076,1909f56bfc062723c751e8b465ee728b)
Start importing Assets/Tanah/GrassJoinHillRight2&Left2.asset using Guid(92ab8a02a2e083845a32de25bd0f02bf) Importer(815301076,1909f56bfc062723c751e8b465ee728b)  -> (artifact id: 'a9c473f552c2cf50fe04eae8dbe04c38') in 0.019650 seconds 
========================================================================
Received Import Request.
  Time since last request: 0.000046 seconds.
  path: Assets/Tanah/GrassJoinHillLeft.asset
  artifactKey: Guid(f14b8e1aaab3f42499b4ef9429b5ce4f) Importer(815301076,1909f56bfc062723c751e8b465ee728b)
Start importing Assets/Tanah/GrassJoinHillLeft.asset using Guid(f14b8e1aaab3f42499b4ef9429b5ce4f) Importer(815301076,1909f56bfc062723c751e8b465ee728b)  -> (artifact id: '3ffb6da12c89300775f83eff46857574') in 0.020272 seconds 
========================================================================
Received Import Request.
  Time since last request: 0.000036 seconds.
  path: Assets/Tanah/Dirt.asset
  artifactKey: Guid(efc94be15b0a4764fb5be6686ca29fdf) Importer(815301076,1909f56bfc062723c751e8b465ee728b)
Start importing Assets/Tanah/Dirt.asset using Guid(efc94be15b0a4764fb5be6686ca29fdf) Importer(815301076,1909f56bfc062723c751e8b465ee728b)  -> (artifact id: 'aa70214e0eb92fa97ffe304273a77190') in 0.019214 seconds 
Editor requested this worker to shutdown with reason: Scaling down because of idle timeout
AssetImportWorker is now disconnected from the server
Process exiting
Exiting without the bug reporter. Application will terminate with return code 0